     0.050    -0.925    -0.404
    -1.326     0.576     0.956
    -0.214     1.373    -0.933
    -0.786     0.307     0.486
    -0.487     0.655    -0.069
    -0.550     0.386    -0.506
    -0.166    -0.161    -1.828
     0.020    -0.545     0.791
    -1.095     0.593    -0.716
    -0.641    -0.392    -0.884
     0.023    -0.068     0.011
    -0.184     0.188    -0.456
     1.738    -1.273    -1.224
    -0.225    -1.835    -0.188
    -1.720     2.209     0.205
     0.860    -0.465    -0.395
     2.238     1.918    -0.078
     1.438    -1.846    -1.056
     0.215     0.767     1.801
     0.774     0.479     0.325
    -0.375    -0.214    -1.168
    -1.488    -0.084    -0.514
     0.702     0.196    -0.585
    -0.554    -0.426    -0.738
     0.299    -0.218     1.355
    -0.821     0.480    -1.391
    -0.351    -0.264     0.303
     1.053    -0.060     0.572
     0.792     1.022     0.633
     0.365     0.908     0.563
     0.825    -0.298     0.502
    -1.494     1.639     0.604
     1.955     0.881     0.701
    -0.122    -0.617    -0.313
    -0.500    -0.727    -0.081
    -0.571    -1.444    -0.766
    -1.313    -1.637     0.476
    -0.916     1.172     1.445
     1.337    -0.994     1.410
     0.243     0.442    -1.379
    -0.661     1.292    -0.099
     0.098    -0.693     0.745
    -0.538     0.189     0.906
     2.081     0.654    -0.756
    -0.771     0.246     1.133
     0.064    -1.478     0.619
    -0.969    -0.905    -1.081
    -0.343     0.879     1.577
     0.070    -0.171    -1.360
     0.424    -0.057    -0.703
     1.008     0.721    -1.799
    -0.458     0.492    -1.154
     1.127    -0.716     0.354
     0.439     0.737     1.774
     0.874     0.942     1.736
     0.438     1.739    -0.611
     0.076    -0.819    -0.023
    -1.185    -0.883    -0.207
    -0.453    -0.609     0.545
    -1.352    -0.668    -0.532
    -0.663     1.133     0.782
     0.209    -0.025     0.445
     1.653     0.440    -1.112
    -1.740     1.198    -1.329
     2.023     0.189    -0.377
     1.170    -0.258     0.592
     1.438    -0.381    -0.983
     1.657     0.573    -1.696
     0.148     2.178     1.072
    -0.615     0.644    -1.149
    -1.935    -0.040    -0.369
    -0.046    -0.832     0.914
    -1.640     1.843    -0.458
     0.341    -0.221    -0.574
    -0.660    -0.788     0.656
    -0.057     0.281    -1.911
    -0.165    -1.527     1.657
    -0.463     0.339     0.115
    -1.421    -0.038    -0.738
     1.896    -0.565     1.127
     1.563    -1.099     0.550
     0.290    -1.939     2.160
     1.483    -0.648    -1.360
    -2.028     0.256    -1.806
     0.191     0.335    -0.902
    -1.650    -1.704     0.752
     0.406     0.183    -0.147
     1.016    -0.552     1.423
    -0.125     0.085    -0.115
    -0.441    -0.442    -0.610
    -0.855    -0.451    -0.261
     0.502    -0.699    -0.884
     0.696     0.227     1.557
     0.326     0.725    -1.573
    -1.570     0.422     0.355
     0.442     2.587     0.393
     0.907     0.200     0.188
     1.446    -0.662    -1.313
    -0.078     0.044     0.254
     0.214    -2.163     3.138
     0.714     0.917    -1.024
    -0.853    -0.766     0.527
     1.797    -0.378    -0.168
    -0.872     0.128     0.383
    -2.229    -0.089     2.098
     1.362    -0.006    -0.041
    -0.882    -0.728     1.472
    -1.898    -0.523    -0.246
 #sum of velocities (is it zero??)   3.3306690738754696E-015
